  [1m[35m (162.4ms)[0m  [1m[35mCREATE DATABASE "MusicApp_development" ENCODING = 'unicode'[0m
  [1m[35m (134.3ms)[0m  [1m[35mCREATE DATABASE "MusicApp_test" ENCODING = 'unicode'[0m
  [1m[35m (1.0ms)[0m  [1m[35mCREATE DATABASE "MusicApp_development" ENCODING = 'unicode'[0m
  [1m[35m (1.2ms)[0m  [1m[35mCREATE DATABASE "MusicApp_test" ENCODING = 'unicode'[0m
  [1m[35m (6.7ms)[0m  [1m[35mCREATE TABLE "schema_migrations" ("version" character varying NOT NULL PRIMARY KEY)[0m
  [1m[35m (2.9ms)[0m  [1m[35mCREATE TABLE "ar_internal_metadata" ("key" character varying NOT NULL PRIMARY KEY, "value" character varying, "created_at" timestamp(6) NOT NULL, "updated_at" timestamp(6) NOT NULL)[0m
  [1m[35m (0.6ms)[0m  [1m[34mSELECT pg_try_advisory_lock(1555902080779534005)[0m
  [1m[36mActiveRecord::SchemaMigration Pluck (0.6ms)[0m  [1m[34mSELECT "schema_migrations"."version" FROM "schema_migrations" ORDER BY "schema_migrations"."version" ASC[0m
Migrating to CreateUsers (20221115191152)
  [1m[36mTRANSACTION (0.5ms)[0m  [1m[35mBEGIN[0m
  [1m[35m (6.6ms)[0m  [1m[35mCREATE TABLE "users" ("id" bigserial primary key, "email" character varying NOT NULL, "password_digest" character varying NOT NULL, "session_token" character varying NOT NULL, "created_at" timestamp(6) NOT NULL, "updated_at" timestamp(6) NOT NULL)[0m
  [1m[35m (2.1ms)[0m  [1m[35mCREATE UNIQUE INDEX "index_users_on_email" ON "users" ("email")[0m
  [1m[35m (1.5ms)[0m  [1m[35mCREATE UNIQUE INDEX "index_users_on_session_token" ON "users" ("session_token")[0m
  [1m[36mActiveRecord::SchemaMigration Create (2.4ms)[0m  [1m[32mINSERT INTO "schema_migrations" ("version") VALUES ($1) RETURNING "version"[0m  [["version", "20221115191152"]]
  [1m[36mTRANSACTION (0.6ms)[0m  [1m[35mCOMMIT[0m
  [1m[36mActiveRecord::InternalMetadata Load (0.6ms)[0m  [1m[34mSELECT "ar_internal_metadata".* FROM "ar_internal_metadata" WHERE "ar_internal_metadata"."key" = $1 LIMIT $2[0m  [["key", "environment"], ["LIMIT", 1]]
  [1m[36mTRANSACTION (0.3ms)[0m  [1m[35mBEGIN[0m
  [1m[36mActiveRecord::InternalMetadata Create (0.9ms)[0m  [1m[32mINSERT INTO "ar_internal_metadata" ("key", "value", "created_at", "updated_at") VALUES ($1, $2, $3, $4) RETURNING "key"[0m  [["key", "environment"], ["value", "development"], ["created_at", "2022-11-15 19:14:03.799270"], ["updated_at", "2022-11-15 19:14:03.799270"]]
  [1m[36mTRANSACTION (0.5ms)[0m  [1m[35mCOMMIT[0m
  [1m[35m (0.4ms)[0m  [1m[34mSELECT pg_advisory_unlock(1555902080779534005)[0m
  [1m[36mActiveRecord::SchemaMigration Pluck (1.5ms)[0m  [1m[34mSELECT "schema_migrations"."version" FROM "schema_migrations" ORDER BY "schema_migrations"."version" ASC[0m
Started GET "/" for ::1 at 2022-11-15 14:03:10 -0800
  [1m[36mActiveRecord::SchemaMigration Pluck (0.7ms)[0m  [1m[34mSELECT "schema_migrations"."version" FROM "schema_migrations" ORDER BY "schema_migrations"."version" ASC[0m
Processing by Rails::WelcomeController#index as HTML
  Rendering /Users/appacademy/.rbenv/versions/3.1.1/lib/ruby/gems/3.1.0/gems/railties-7.0.4/lib/rails/templates/rails/welcome/index.html.erb
  Rendered /Users/appacademy/.rbenv/versions/3.1.1/lib/ruby/gems/3.1.0/gems/railties-7.0.4/lib/rails/templates/rails/welcome/index.html.erb (Duration: 2.7ms | Allocations: 526)
Completed 200 OK in 13ms (Views: 7.8ms | ActiveRecord: 0.0ms | Allocations: 2808)


Started GET "/users/new" for ::1 at 2022-11-15 14:03:22 -0800

ActionController::RoutingError - uninitialized constant UsersController
      Object.const_get(camel_cased_word)
            ^^^^^^^^^^
            raise MissingController.new(error.message, error.name)
            ^^^^^:

Started POST "/__better_errors/ca1d1857cd707dcf/variables" for ::1 at 2022-11-15 14:03:22 -0800
Started GET "/users/new" for ::1 at 2022-11-15 14:07:05 -0800

ActionController::RoutingError - uninitialized constant UsersController
      Object.const_get(camel_cased_word)
            ^^^^^^^^^^
            raise MissingController.new(error.message, error.name)
            ^^^^^:

Started POST "/__better_errors/5a332953d9303c0e/variables" for ::1 at 2022-11-15 14:07:05 -0800
Started GET "/users/new" for ::1 at 2022-11-15 14:07:07 -0800

ActionController::RoutingError - uninitialized constant UsersController
      Object.const_get(camel_cased_word)
            ^^^^^^^^^^
            raise MissingController.new(error.message, error.name)
            ^^^^^:

Started POST "/__better_errors/26dd93feccad3d88/variables" for ::1 at 2022-11-15 14:07:07 -0800
Started GET "/users/new" for ::1 at 2022-11-15 14:07:55 -0800

ActionController::RoutingError - uninitialized constant UsersController
      Object.const_get(camel_cased_word)
            ^^^^^^^^^^
            raise MissingController.new(error.message, error.name)
            ^^^^^:

Started POST "/__better_errors/dbad4be2f0824bfb/variables" for ::1 at 2022-11-15 14:07:55 -0800
Started GET "/sessions/new" for ::1 at 2022-11-15 14:08:04 -0800
  
ActionController::RoutingError (No route matches [GET] "/sessions/new"):
  
Started GET "/session/new" for ::1 at 2022-11-15 14:08:13 -0800

ActionController::RoutingError - uninitialized constant SessionsController
      Object.const_get(camel_cased_word)
            ^^^^^^^^^^
            raise MissingController.new(error.message, error.name)
            ^^^^^:

Started POST "/__better_errors/f1c252d6a2c05921/variables" for ::1 at 2022-11-15 14:08:13 -0800
Started POST "/__better_errors/f1c252d6a2c05921/variables" for ::1 at 2022-11-15 14:09:49 -0800
Started POST "/__better_errors/f1c252d6a2c05921/variables" for ::1 at 2022-11-15 14:09:51 -0800
Started GET "/users/new" for ::1 at 2022-11-15 14:11:35 -0800

ActionController::RoutingError - uninitialized constant UsersController
      Object.const_get(camel_cased_word)
            ^^^^^^^^^^
            raise MissingController.new(error.message, error.name)
            ^^^^^:

Started POST "/__better_errors/6e391c56137cd3b2/variables" for ::1 at 2022-11-15 14:11:36 -0800
Started GET "/users/new" for ::1 at 2022-11-15 14:11:39 -0800

ActionController::RoutingError - uninitialized constant UsersController
      Object.const_get(camel_cased_word)
            ^^^^^^^^^^
            raise MissingController.new(error.message, error.name)
            ^^^^^:

Started POST "/__better_errors/145d5dd8f4a48e6d/variables" for ::1 at 2022-11-15 14:11:40 -0800
Started GET "/users/new" for ::1 at 2022-11-15 14:14:33 -0800
  [1m[36mActiveRecord::SchemaMigration Pluck (0.7ms)[0m  [1m[34mSELECT "schema_migrations"."version" FROM "schema_migrations" ORDER BY "schema_migrations"."version" ASC[0m
Processing by UsersController#new as HTML
  Rendering layout layouts/application.html.erb
  Rendering users/new.html.erb within layouts/application
  Rendered users/new.html.erb within layouts/application (Duration: 6.8ms | Allocations: 828)
  Rendered layout layouts/application.html.erb (Duration: 41.1ms | Allocations: 7041)
Completed 200 OK in 81ms (Views: 51.3ms | ActiveRecord: 11.1ms | Allocations: 14851)


Started POST "/users" for ::1 at 2022-11-15 14:15:08 -0800
Processing by UsersController#create as HTML
  Parameters: {"authenticity_token"=>"[FILTERED]", "user"=>{"email"=>"a@abc.com", "password"=>"[FILTERED]"}}
Completed 500 Internal Server Error in 1ms (ActiveRecord: 0.0ms | Allocations: 467)



ArgumentError - wrong number of arguments (given 0, expected 1):
  app/controllers/users_controller.rb:24:in `user_params'
  app/controllers/users_controller.rb:8:in `create'

Started POST "/__better_errors/ff602f1e24b3af95/variables" for ::1 at 2022-11-15 14:15:08 -0800
Started POST "/users" for ::1 at 2022-11-15 14:16:17 -0800
Processing by UsersController#create as HTML
  Parameters: {"authenticity_token"=>"[FILTERED]", "user"=>{"email"=>"a@abc.com", "password"=>"[FILTERED]"}}
Completed 500 Internal Server Error in 1ms (ActiveRecord: 0.0ms | Allocations: 384)



ArgumentError - wrong number of arguments (given 0, expected 1):
  app/controllers/users_controller.rb:24:in `user_params'
  app/controllers/users_controller.rb:8:in `create'

Started POST "/__better_errors/85082d09b4b15d7c/variables" for ::1 at 2022-11-15 14:16:17 -0800
Started GET "/users/new" for ::1 at 2022-11-15 14:17:07 -0800
Processing by UsersController#new as HTML
  Rendering layout layouts/application.html.erb
  Rendering users/new.html.erb within layouts/application
  Rendered users/new.html.erb within layouts/application (Duration: 1.6ms | Allocations: 451)
  Rendered layout layouts/application.html.erb (Duration: 5.2ms | Allocations: 1719)
Completed 200 OK in 9ms (Views: 8.7ms | ActiveRecord: 0.0ms | Allocations: 2465)


Started POST "/users" for ::1 at 2022-11-15 14:17:16 -0800
Processing by UsersController#create as HTML
  Parameters: {"authenticity_token"=>"[FILTERED]", "user"=>{"email"=>"a@abc.com", "password"=>"[FILTERED]"}}
Completed 500 Internal Server Error in 2ms (ActiveRecord: 0.0ms | Allocations: 336)



ArgumentError - wrong number of arguments (given 0, expected 1):
  app/controllers/users_controller.rb:24:in `user_params'
  app/controllers/users_controller.rb:8:in `create'

Started POST "/__better_errors/634762943900ffec/variables" for ::1 at 2022-11-15 14:17:16 -0800
Started POST "/__better_errors/634762943900ffec/variables" for ::1 at 2022-11-15 14:17:19 -0800
Started POST "/users" for ::1 at 2022-11-15 14:19:12 -0800
Processing by UsersController#create as HTML
  Parameters: {"authenticity_token"=>"[FILTERED]", "user"=>{"email"=>"a@abc.com", "password"=>"[FILTERED]"}}
  [1m[36mTRANSACTION (0.2ms)[0m  [1m[35mBEGIN[0m
  ↳ app/models/user.rb:41:in `generate_unique_session_token'
  [1m[36mUser Exists? (1.4ms)[0m  [1m[34mSELECT 1 AS one FROM "users" WHERE "users"."session_token" = $1 LIMIT $2[0m  [["session_token", "[FILTERED]"], ["LIMIT", 1]]
  ↳ app/models/user.rb:41:in `generate_unique_session_token'
  [1m[36mUser Create (8.7ms)[0m  [1m[32mINSERT INTO "users" ("email", "password_digest", "session_token", "created_at", "updated_at") VALUES ($1, $2, $3, $4, $5) RETURNING "id"[0m  [["email", "a@abc.com"], ["password_digest", "[FILTERED]"], ["session_token", "[FILTERED]"], ["created_at", "2022-11-15 22:19:12.876585"], ["updated_at", "2022-11-15 22:19:12.876585"]]
  ↳ app/controllers/users_controller.rb:9:in `create'
  [1m[36mTRANSACTION (5.3ms)[0m  [1m[35mCOMMIT[0m
  ↳ app/controllers/users_controller.rb:9:in `create'
  [1m[36mUser Exists? (8.8ms)[0m  [1m[34mSELECT 1 AS one FROM "users" WHERE "users"."session_token" = $1 LIMIT $2[0m  [["session_token", "[FILTERED]"], ["LIMIT", 1]]
  ↳ app/models/user.rb:41:in `generate_unique_session_token'
  [1m[36mTRANSACTION (4.1ms)[0m  [1m[35mBEGIN[0m
  ↳ app/models/user.rb:31:in `reset_session_token'
  [1m[36mUser Update (4.1ms)[0m  [1m[33mUPDATE "users" SET "session_token" = $1, "updated_at" = $2 WHERE "users"."id" = $3[0m  [["session_token", "[FILTERED]"], ["updated_at", "2022-11-15 22:19:12.907699"], ["id", 1]]
  ↳ app/models/user.rb:31:in `reset_session_token'
  [1m[36mTRANSACTION (3.0ms)[0m  [1m[35mCOMMIT[0m
  ↳ app/models/user.rb:31:in `reset_session_token'
No template found for UsersController#create, rendering head :no_content
Completed 204 No Content in 380ms (ActiveRecord: 39.4ms | Allocations: 12384)


Started POST "/users" for ::1 at 2022-11-15 14:19:17 -0800
Processing by UsersController#create as HTML
  Parameters: {"authenticity_token"=>"[FILTERED]", "user"=>{"email"=>"a@abc.com", "password"=>"[FILTERED]"}}
  [1m[36mTRANSACTION (0.2ms)[0m  [1m[35mBEGIN[0m
  ↳ app/models/user.rb:41:in `generate_unique_session_token'
  [1m[36mUser Exists? (2.2ms)[0m  [1m[34mSELECT 1 AS one FROM "users" WHERE "users"."session_token" = $1 LIMIT $2[0m  [["session_token", "[FILTERED]"], ["LIMIT", 1]]
  ↳ app/models/user.rb:41:in `generate_unique_session_token'
  [1m[36mUser Create (3.8ms)[0m  [1m[32mINSERT INTO "users" ("email", "password_digest", "session_token", "created_at", "updated_at") VALUES ($1, $2, $3, $4, $5) RETURNING "id"[0m  [["email", "a@abc.com"], ["password_digest", "[FILTERED]"], ["session_token", "[FILTERED]"], ["created_at", "2022-11-15 22:19:17.369333"], ["updated_at", "2022-11-15 22:19:17.369333"]]
  ↳ app/controllers/users_controller.rb:9:in `create'
  [1m[36mTRANSACTION (2.1ms)[0m  [1m[31mROLLBACK[0m
  ↳ app/controllers/users_controller.rb:9:in `create'
Completed 500 Internal Server Error in 319ms (ActiveRecord: 8.2ms | Allocations: 4261)



ActiveRecord::RecordNotUnique - PG::UniqueViolation: ERROR:  duplicate key value violates unique constraint "index_users_on_email"
DETAIL:  Key (email)=(a@abc.com) already exists.:
  app/controllers/users_controller.rb:9:in `create'

Started POST "/__better_errors/593ded3eb113bea1/variables" for ::1 at 2022-11-15 14:19:17 -0800
Started GET "/users/1" for ::1 at 2022-11-15 14:19:46 -0800
Processing by UsersController#show as HTML
  Parameters: {"id"=>"1"}
  [1m[36mUser Load (0.4ms)[0m  [1m[34mSELECT "users".* FROM "users" WHERE "users"."id" = $1 LIMIT $2[0m  [["id", 1], ["LIMIT", 1]]
  ↳ app/controllers/users_controller.rb:18:in `show'
  Rendering layout layouts/application.html.erb
  Rendering users/show.html.erb within layouts/application
  Rendered users/show.html.erb within layouts/application (Duration: 1.1ms | Allocations: 139)
  Rendered layout layouts/application.html.erb (Duration: 11.2ms | Allocations: 1508)
Completed 200 OK in 44ms (Views: 13.7ms | ActiveRecord: 14.6ms | Allocations: 6463)


Started GET "/users/new" for ::1 at 2022-11-15 14:20:18 -0800
Processing by UsersController#new as HTML
  Rendering layout layouts/application.html.erb
  Rendering users/new.html.erb within layouts/application
  Rendered users/new.html.erb within layouts/application (Duration: 0.9ms | Allocations: 262)
  Rendered layout layouts/application.html.erb (Duration: 5.1ms | Allocations: 1204)
Completed 200 OK in 6ms (Views: 5.9ms | ActiveRecord: 0.0ms | Allocations: 1462)


Started POST "/users" for ::1 at 2022-11-15 14:20:27 -0800
Processing by UsersController#create as HTML
  Parameters: {"authenticity_token"=>"[FILTERED]", "user"=>{"email"=>"b@abc.com", "password"=>"[FILTERED]"}}
  [1m[36mTRANSACTION (0.2ms)[0m  [1m[35mBEGIN[0m
  ↳ app/models/user.rb:41:in `generate_unique_session_token'
  [1m[36mUser Exists? (0.6ms)[0m  [1m[34mSELECT 1 AS one FROM "users" WHERE "users"."session_token" = $1 LIMIT $2[0m  [["session_token", "[FILTERED]"], ["LIMIT", 1]]
  ↳ app/models/user.rb:41:in `generate_unique_session_token'
  [1m[36mUser Create (0.5ms)[0m  [1m[32mINSERT INTO "users" ("email", "password_digest", "session_token", "created_at", "updated_at") VALUES ($1, $2, $3, $4, $5) RETURNING "id"[0m  [["email", "b@abc.com"], ["password_digest", "[FILTERED]"], ["session_token", "[FILTERED]"], ["created_at", "2022-11-15 22:20:27.991463"], ["updated_at", "2022-11-15 22:20:27.991463"]]
  ↳ app/controllers/users_controller.rb:9:in `create'
  [1m[36mTRANSACTION (2.1ms)[0m  [1m[35mCOMMIT[0m
  ↳ app/controllers/users_controller.rb:9:in `create'
  [1m[36mUser Exists? (0.5ms)[0m  [1m[34mSELECT 1 AS one FROM "users" WHERE "users"."session_token" = $1 LIMIT $2[0m  [["session_token", "[FILTERED]"], ["LIMIT", 1]]
  ↳ app/models/user.rb:41:in `generate_unique_session_token'
  [1m[36mTRANSACTION (0.2ms)[0m  [1m[35mBEGIN[0m
  ↳ app/models/user.rb:31:in `reset_session_token'
  [1m[36mUser Update (1.0ms)[0m  [1m[33mUPDATE "users" SET "session_token" = $1, "updated_at" = $2 WHERE "users"."id" = $3[0m  [["session_token", "[FILTERED]"], ["updated_at", "2022-11-15 22:20:28.025842"], ["id", 3]]
  ↳ app/models/user.rb:31:in `reset_session_token'
  [1m[36mTRANSACTION (2.7ms)[0m  [1m[35mCOMMIT[0m
  ↳ app/models/user.rb:31:in `reset_session_token'
Redirected to http://localhost:3000/users/3
Completed 302 Found in 417ms (ActiveRecord: 7.9ms | Allocations: 5497)


Started GET "/users/3" for ::1 at 2022-11-15 14:20:28 -0800
Processing by UsersController#show as HTML
  Parameters: {"id"=>"3"}
  [1m[36mUser Load (0.4ms)[0m  [1m[34mSELECT "users".* FROM "users" WHERE "users"."id" = $1 LIMIT $2[0m  [["id", 3], ["LIMIT", 1]]
  ↳ app/controllers/users_controller.rb:18:in `show'
  Rendering layout layouts/application.html.erb
  Rendering users/show.html.erb within layouts/application
  Rendered users/show.html.erb within layouts/application (Duration: 0.1ms | Allocations: 9)
  Rendered layout layouts/application.html.erb (Duration: 9.5ms | Allocations: 1135)
Completed 200 OK in 27ms (Views: 11.9ms | ActiveRecord: 0.4ms | Allocations: 1857)


Started GET "/users/2" for ::1 at 2022-11-15 14:20:40 -0800
Processing by UsersController#show as HTML
  Parameters: {"id"=>"2"}
  [1m[36mUser Load (1.1ms)[0m  [1m[34mSELECT "users".* FROM "users" WHERE "users"."id" = $1 LIMIT $2[0m  [["id", 2], ["LIMIT", 1]]
  ↳ app/controllers/users_controller.rb:18:in `show'
  Rendering layout layouts/application.html.erb
  Rendering users/show.html.erb within layouts/application
  Rendered users/show.html.erb within layouts/application (Duration: 12.2ms | Allocations: 3407)
  Rendered layout layouts/application.html.erb (Duration: 13.1ms | Allocations: 3500)
Completed 500 Internal Server Error in 28ms (ActiveRecord: 1.1ms | Allocations: 4195)



NoMethodError - undefined method `email' for nil:NilClass:
  app/views/users/show.html.erb:1
  app/controllers/users_controller.rb:19:in `show'

Started POST "/__better_errors/6784aae6eeead82d/variables" for ::1 at 2022-11-15 14:20:40 -0800
Started GET "/users/3" for ::1 at 2022-11-15 14:20:43 -0800
Processing by UsersController#show as HTML
  Parameters: {"id"=>"3"}
  [1m[36mUser Load (1.4ms)[0m  [1m[34mSELECT "users".* FROM "users" WHERE "users"."id" = $1 LIMIT $2[0m  [["id", 3], ["LIMIT", 1]]
  ↳ app/controllers/users_controller.rb:18:in `show'
  Rendering layout layouts/application.html.erb
  Rendering users/show.html.erb within layouts/application
  Rendered users/show.html.erb within layouts/application (Duration: 0.1ms | Allocations: 14)
  Rendered layout layouts/application.html.erb (Duration: 5.8ms | Allocations: 1288)
Completed 200 OK in 19ms (Views: 7.3ms | ActiveRecord: 1.4ms | Allocations: 2122)


Started GET "/session/new" for ::1 at 2022-11-15 14:20:52 -0800
Processing by SessionsController#new as HTML
  Rendering layout layouts/application.html.erb
  Rendering sessions/new.html.erb within layouts/application
  Rendered sessions/new.html.erb within layouts/application (Duration: 0.4ms | Allocations: 98)
  Rendered layout layouts/application.html.erb (Duration: 3.2ms | Allocations: 1459)
Completed 200 OK in 9ms (Views: 8.0ms | ActiveRecord: 0.0ms | Allocations: 2095)


Started GET "/session/new" for ::1 at 2022-11-15 14:23:06 -0800
Processing by SessionsController#new as HTML
  Rendering layout layouts/application.html.erb
  Rendering sessions/new.html.erb within layouts/application
  Rendered sessions/new.html.erb within layouts/application (Duration: 14.3ms | Allocations: 5204)
  Rendered layout layouts/application.html.erb (Duration: 14.9ms | Allocations: 5292)
Completed 500 Internal Server Error in 19ms (ActiveRecord: 0.0ms | Allocations: 6002)



NameError - undefined local variable or method `sessions_url' for #<ActionView::Base:0x00000000005dc0>
Did you mean?  session_url:
  app/views/sessions/new.html.erb:3
  app/controllers/sessions_controller.rb:4:in `new'

Started POST "/__better_errors/2b597fb2168cc5bb/variables" for ::1 at 2022-11-15 14:23:06 -0800
Started GET "/session/new" for ::1 at 2022-11-15 14:23:21 -0800
Processing by SessionsController#new as HTML
  Rendering layout layouts/application.html.erb
  Rendering sessions/new.html.erb within layouts/application
  Rendered sessions/new.html.erb within layouts/application (Duration: 1.6ms | Allocations: 487)
  Rendered layout layouts/application.html.erb (Duration: 5.9ms | Allocations: 1760)
Completed 200 OK in 10ms (Views: 9.8ms | ActiveRecord: 0.0ms | Allocations: 2496)


Started POST "/session" for ::1 at 2022-11-15 14:23:28 -0800
Processing by SessionsController#create as HTML
  Parameters: {"authenticity_token"=>"[FILTERED]", "user"=>{"email"=>"a@abc.com", "password"=>"[FILTERED]"}}
  [1m[36mUser Load (0.5ms)[0m  [1m[34mSELECT "users".* FROM "users" WHERE "users"."email" = $1 LIMIT $2[0m  [["email", "a@abc.com"], ["LIMIT", 1]]
  ↳ app/models/user.rb:11:in `find_by_credentials'
  [1m[36mUser Exists? (0.4ms)[0m  [1m[34mSELECT 1 AS one FROM "users" WHERE "users"."session_token" = $1 LIMIT $2[0m  [["session_token", "[FILTERED]"], ["LIMIT", 1]]
  ↳ app/models/user.rb:41:in `generate_unique_session_token'
  [1m[36mTRANSACTION (0.2ms)[0m  [1m[35mBEGIN[0m
  ↳ app/models/user.rb:31:in `reset_session_token'
  [1m[36mUser Update (0.8ms)[0m  [1m[33mUPDATE "users" SET "session_token" = $1, "updated_at" = $2 WHERE "users"."id" = $3[0m  [["session_token", "[FILTERED]"], ["updated_at", "2022-11-15 22:23:28.365282"], ["id", 1]]
  ↳ app/models/user.rb:31:in `reset_session_token'
  [1m[36mTRANSACTION (2.3ms)[0m  [1m[35mCOMMIT[0m
  ↳ app/models/user.rb:31:in `reset_session_token'
Redirected to http://localhost:3000/users/1
Completed 302 Found in 322ms (ActiveRecord: 4.3ms | Allocations: 3488)


Started GET "/users/1" for ::1 at 2022-11-15 14:23:28 -0800
Processing by UsersController#show as HTML
  Parameters: {"id"=>"1"}
  [1m[36mUser Load (0.6ms)[0m  [1m[34mSELECT "users".* FROM "users" WHERE "users"."id" = $1 LIMIT $2[0m  [["id", 1], ["LIMIT", 1]]
  ↳ app/controllers/users_controller.rb:18:in `show'
  Rendering layout layouts/application.html.erb
  Rendering users/show.html.erb within layouts/application
  Rendered users/show.html.erb within layouts/application (Duration: 0.6ms | Allocations: 125)
  Rendered layout layouts/application.html.erb (Duration: 4.3ms | Allocations: 1450)
Completed 200 OK in 11ms (Views: 7.4ms | ActiveRecord: 0.6ms | Allocations: 2475)


Started GET "/users/1" for ::1 at 2022-11-15 14:28:52 -0800
Processing by UsersController#show as HTML
  Parameters: {"id"=>"1"}
  [1m[36mUser Load (0.7ms)[0m  [1m[34mSELECT "users".* FROM "users" WHERE "users"."id" = $1 LIMIT $2[0m  [["id", 1], ["LIMIT", 1]]
  ↳ app/controllers/users_controller.rb:18:in `show'
  Rendering layout layouts/application.html.erb
  Rendering users/show.html.erb within layouts/application
  Rendered users/show.html.erb within layouts/application (Duration: 1.0ms | Allocations: 130)
  [1m[36mUser Load (0.6ms)[0m  [1m[34mSELECT "users".* FROM "users" WHERE "users"."session_token" = $1 LIMIT $2[0m  [["session_token", "[FILTERED]"], ["LIMIT", 1]]
  ↳ app/controllers/application_controller.rb:6:in `current_user'
  Rendered layout layouts/application.html.erb (Duration: 18.1ms | Allocations: 3878)
Completed 200 OK in 56ms (Views: 19.9ms | ActiveRecord: 12.9ms | Allocations: 11611)


Started GET "/users/1" for ::1 at 2022-11-15 14:31:15 -0800
Processing by UsersController#show as HTML
  Parameters: {"id"=>"1"}
  [1m[36mUser Load (0.4ms)[0m  [1m[34mSELECT "users".* FROM "users" WHERE "users"."id" = $1 LIMIT $2[0m  [["id", 1], ["LIMIT", 1]]
  ↳ app/controllers/users_controller.rb:18:in `show'
  Rendering layout layouts/application.html.erb
  Rendering users/show.html.erb within layouts/application
  Rendered users/show.html.erb within layouts/application (Duration: 0.6ms | Allocations: 128)
  [1m[36mUser Load (0.5ms)[0m  [1m[34mSELECT "users".* FROM "users" WHERE "users"."session_token" = $1 LIMIT $2[0m  [["session_token", "[FILTERED]"], ["LIMIT", 1]]
  ↳ app/controllers/application_controller.rb:6:in `current_user'
  Rendered layout layouts/application.html.erb (Duration: 15.2ms | Allocations: 3709)
Completed 200 OK in 20ms (Views: 16.9ms | ActiveRecord: 0.9ms | Allocations: 4909)


Started GET "/users/1" for ::1 at 2022-11-15 14:32:04 -0800
Processing by UsersController#show as HTML
  Parameters: {"id"=>"1"}
  [1m[36mUser Load (0.4ms)[0m  [1m[34mSELECT "users".* FROM "users" WHERE "users"."id" = $1 LIMIT $2[0m  [["id", 1], ["LIMIT", 1]]
  ↳ app/controllers/users_controller.rb:18:in `show'
  Rendering layout layouts/application.html.erb
  Rendering users/show.html.erb within layouts/application
  Rendered users/show.html.erb within layouts/application (Duration: 0.1ms | Allocations: 9)
  [1m[36mUser Load (0.4ms)[0m  [1m[34mSELECT "users".* FROM "users" WHERE "users"."session_token" = $1 LIMIT $2[0m  [["session_token", "[FILTERED]"], ["LIMIT", 1]]
  ↳ app/controllers/application_controller.rb:6:in `current_user'
  Rendered layout layouts/application.html.erb (Duration: 22.0ms | Allocations: 2979)
Completed 200 OK in 27ms (Views: 22.7ms | ActiveRecord: 0.8ms | Allocations: 3704)


Started GET "/users/1" for ::1 at 2022-11-15 14:35:09 -0800
Processing by UsersController#show as HTML
  Parameters: {"id"=>"1"}
  [1m[36mUser Load (1.0ms)[0m  [1m[34mSELECT "users".* FROM "users" WHERE "users"."id" = $1 LIMIT $2[0m  [["id", 1], ["LIMIT", 1]]
  ↳ app/controllers/users_controller.rb:18:in `show'
  Rendering layout layouts/application.html.erb
  Rendering users/show.html.erb within layouts/application
  Rendered users/show.html.erb within layouts/application (Duration: 0.5ms | Allocations: 129)
  [1m[36mUser Load (1.6ms)[0m  [1m[34mSELECT "users".* FROM "users" WHERE "users"."session_token" = $1 LIMIT $2[0m  [["session_token", "[FILTERED]"], ["LIMIT", 1]]
  ↳ app/controllers/application_controller.rb:6:in `current_user'
  Rendered layout layouts/application.html.erb (Duration: 17.0ms | Allocations: 3780)
Completed 200 OK in 26ms (Views: 19.0ms | ActiveRecord: 2.6ms | Allocations: 4958)


Started DELETE "/session" for ::1 at 2022-11-15 14:35:14 -0800
Processing by SessionsController#destroy as HTML
Can't verify CSRF token authenticity.
Completed 422 Unprocessable Entity in 2ms (ActiveRecord: 0.0ms | Allocations: 672)



ActionController::InvalidAuthenticityToken - Can't verify CSRF token authenticity.:

Started POST "/__better_errors/849bc3acfeca2f1a/variables" for ::1 at 2022-11-15 14:35:14 -0800
Started DELETE "/session" for ::1 at 2022-11-15 14:36:14 -0800
Processing by SessionsController#destroy as HTML
Can't verify CSRF token authenticity.
Completed 422 Unprocessable Entity in 1ms (ActiveRecord: 0.0ms | Allocations: 657)



ActionController::InvalidAuthenticityToken - Can't verify CSRF token authenticity.:

Started POST "/__better_errors/9703b3beaa59a4f4/variables" for ::1 at 2022-11-15 14:36:14 -0800
Started GET "/users/1" for ::1 at 2022-11-15 14:37:56 -0800
Processing by UsersController#show as HTML
  Parameters: {"id"=>"1"}
  [1m[36mUser Load (0.7ms)[0m  [1m[34mSELECT "users".* FROM "users" WHERE "users"."id" = $1 LIMIT $2[0m  [["id", 1], ["LIMIT", 1]]
  ↳ app/controllers/users_controller.rb:18:in `show'
  Rendering layout layouts/application.html.erb
  Rendering users/show.html.erb within layouts/application
  Rendered users/show.html.erb within layouts/application (Duration: 1.3ms | Allocations: 127)
  [1m[36mUser Load (0.5ms)[0m  [1m[34mSELECT "users".* FROM "users" WHERE "users"."session_token" = $1 LIMIT $2[0m  [["session_token", "[FILTERED]"], ["LIMIT", 1]]
  ↳ app/controllers/application_controller.rb:6:in `current_user'
  Rendered layout layouts/application.html.erb (Duration: 54.2ms | Allocations: 2384)
Completed 200 OK in 91ms (Views: 72.4ms | ActiveRecord: 1.2ms | Allocations: 3663)


Started DELETE "/session" for ::1 at 2022-11-15 14:37:59 -0800
Processing by SessionsController#destroy as HTML
  Parameters: {"authenticity_token"=>"[FILTERED]"}
  [1m[36mUser Load (0.7ms)[0m  [1m[34mSELECT "users".* FROM "users" WHERE "users"."session_token" = $1 LIMIT $2[0m  [["session_token", "[FILTERED]"], ["LIMIT", 1]]
  ↳ app/controllers/application_controller.rb:6:in `current_user'
  [1m[36mUser Exists? (0.6ms)[0m  [1m[34mSELECT 1 AS one FROM "users" WHERE "users"."session_token" = $1 LIMIT $2[0m  [["session_token", "[FILTERED]"], ["LIMIT", 1]]
  ↳ app/models/user.rb:41:in `generate_unique_session_token'
  [1m[36mTRANSACTION (0.2ms)[0m  [1m[35mBEGIN[0m
  ↳ app/models/user.rb:31:in `reset_session_token'
  [1m[36mUser Update (0.8ms)[0m  [1m[33mUPDATE "users" SET "session_token" = $1, "updated_at" = $2 WHERE "users"."id" = $3[0m  [["session_token", "[FILTERED]"], ["updated_at", "2022-11-15 22:37:59.239773"], ["id", 1]]
  ↳ app/models/user.rb:31:in `reset_session_token'
  [1m[36mTRANSACTION (41.1ms)[0m  [1m[35mCOMMIT[0m
  ↳ app/models/user.rb:31:in `reset_session_token'
Redirected to http://localhost:3000/session/new
Completed 302 Found in 58ms (ActiveRecord: 43.4ms | Allocations: 3526)


Started GET "/session/new" for ::1 at 2022-11-15 14:37:59 -0800
Processing by SessionsController#new as HTML
  Rendering layout layouts/application.html.erb
  Rendering sessions/new.html.erb within layouts/application
  Rendered sessions/new.html.erb within layouts/application (Duration: 1.8ms | Allocations: 484)
  [1m[36mUser Load (0.4ms)[0m  [1m[34mSELECT "users".* FROM "users" WHERE "users"."session_token" IS NULL LIMIT $1[0m  [["LIMIT", 1]]
  ↳ app/controllers/application_controller.rb:6:in `current_user'
  Rendered layout layouts/application.html.erb (Duration: 8.1ms | Allocations: 2447)
Completed 200 OK in 11ms (Views: 10.4ms | ActiveRecord: 0.4ms | Allocations: 3040)


Started POST "/session" for ::1 at 2022-11-15 14:38:12 -0800
Processing by SessionsController#create as HTML
  Parameters: {"authenticity_token"=>"[FILTERED]", "user"=>{"email"=>"b@abc.com", "password"=>"[FILTERED]"}}
  [1m[36mUser Load (0.4ms)[0m  [1m[34mSELECT "users".* FROM "users" WHERE "users"."email" = $1 LIMIT $2[0m  [["email", "b@abc.com"], ["LIMIT", 1]]
  ↳ app/models/user.rb:11:in `find_by_credentials'
  [1m[36mUser Exists? (0.4ms)[0m  [1m[34mSELECT 1 AS one FROM "users" WHERE "users"."session_token" = $1 LIMIT $2[0m  [["session_token", "[FILTERED]"], ["LIMIT", 1]]
  ↳ app/models/user.rb:41:in `generate_unique_session_token'
  [1m[36mTRANSACTION (0.2ms)[0m  [1m[35mBEGIN[0m
  ↳ app/models/user.rb:31:in `reset_session_token'
  [1m[36mUser Update (1.1ms)[0m  [1m[33mUPDATE "users" SET "session_token" = $1, "updated_at" = $2 WHERE "users"."id" = $3[0m  [["session_token", "[FILTERED]"], ["updated_at", "2022-11-15 22:38:12.305918"], ["id", 3]]
  ↳ app/models/user.rb:31:in `reset_session_token'
  [1m[36mTRANSACTION (3.9ms)[0m  [1m[35mCOMMIT[0m
  ↳ app/models/user.rb:31:in `reset_session_token'
Redirected to http://localhost:3000/users/3
Completed 302 Found in 311ms (ActiveRecord: 6.1ms | Allocations: 3317)


Started GET "/users/3" for ::1 at 2022-11-15 14:38:12 -0800
Processing by UsersController#show as HTML
  Parameters: {"id"=>"3"}
  [1m[36mUser Load (2.3ms)[0m  [1m[34mSELECT "users".* FROM "users" WHERE "users"."id" = $1 LIMIT $2[0m  [["id", 3], ["LIMIT", 1]]
  ↳ app/controllers/users_controller.rb:18:in `show'
  Rendering layout layouts/application.html.erb
  Rendering users/show.html.erb within layouts/application
  Rendered users/show.html.erb within layouts/application (Duration: 0.1ms | Allocations: 9)
  [1m[36mUser Load (4.3ms)[0m  [1m[34mSELECT "users".* FROM "users" WHERE "users"."session_token" = $1 LIMIT $2[0m  [["session_token", "[FILTERED]"], ["LIMIT", 1]]
  ↳ app/controllers/application_controller.rb:6:in `current_user'
  Rendered layout layouts/application.html.erb (Duration: 10.4ms | Allocations: 1680)
Completed 200 OK in 18ms (Views: 6.6ms | ActiveRecord: 6.6ms | Allocations: 2403)


Started DELETE "/session" for ::1 at 2022-11-15 14:38:19 -0800
Processing by SessionsController#destroy as HTML
  Parameters: {"authenticity_token"=>"[FILTERED]"}
  [1m[36mUser Load (0.3ms)[0m  [1m[34mSELECT "users".* FROM "users" WHERE "users"."session_token" = $1 LIMIT $2[0m  [["session_token", "[FILTERED]"], ["LIMIT", 1]]
  ↳ app/controllers/application_controller.rb:6:in `current_user'
  [1m[36mUser Exists? (4.5ms)[0m  [1m[34mSELECT 1 AS one FROM "users" WHERE "users"."session_token" = $1 LIMIT $2[0m  [["session_token", "[FILTERED]"], ["LIMIT", 1]]
  ↳ app/models/user.rb:41:in `generate_unique_session_token'
  [1m[36mTRANSACTION (0.2ms)[0m  [1m[35mBEGIN[0m
  ↳ app/models/user.rb:31:in `reset_session_token'
  [1m[36mUser Update (0.7ms)[0m  [1m[33mUPDATE "users" SET "session_token" = $1, "updated_at" = $2 WHERE "users"."id" = $3[0m  [["session_token", "[FILTERED]"], ["updated_at", "2022-11-15 22:38:19.569135"], ["id", 3]]
  ↳ app/models/user.rb:31:in `reset_session_token'
  [1m[36mTRANSACTION (39.5ms)[0m  [1m[35mCOMMIT[0m
  ↳ app/models/user.rb:31:in `reset_session_token'
Redirected to http://localhost:3000/session/new
Completed 302 Found in 59ms (ActiveRecord: 45.3ms | Allocations: 3047)


Started GET "/session/new" for ::1 at 2022-11-15 14:38:19 -0800
Processing by SessionsController#new as HTML
  Rendering layout layouts/application.html.erb
  Rendering sessions/new.html.erb within layouts/application
  Rendered sessions/new.html.erb within layouts/application (Duration: 0.9ms | Allocations: 221)
  [1m[36mUser Load (0.3ms)[0m  [1m[34mSELECT "users".* FROM "users" WHERE "users"."session_token" IS NULL LIMIT $1[0m  [["LIMIT", 1]]
  ↳ app/controllers/application_controller.rb:6:in `current_user'
  Rendered layout layouts/application.html.erb (Duration: 7.5ms | Allocations: 1814)
Completed 200 OK in 9ms (Views: 8.1ms | ActiveRecord: 0.3ms | Allocations: 2037)


Started GET "/session/new" for ::1 at 2022-11-15 14:43:03 -0800
Processing by SessionsController#new as HTML
  Rendering layout layouts/application.html.erb
  Rendering sessions/new.html.erb within layouts/application
  Rendered sessions/new.html.erb within layouts/application (Duration: 2.3ms | Allocations: 469)
  [1m[36mUser Load (0.3ms)[0m  [1m[34mSELECT "users".* FROM "users" WHERE "users"."session_token" IS NULL LIMIT $1[0m  [["LIMIT", 1]]
  ↳ app/controllers/application_controller.rb:6:in `current_user'
  Rendered layout layouts/application.html.erb (Duration: 17.9ms | Allocations: 4125)
Completed 200 OK in 21ms (Views: 19.9ms | ActiveRecord: 0.3ms | Allocations: 4821)


Started GET "/session/new?authenticity_token=[FILTERED]" for ::1 at 2022-11-15 14:43:10 -0800
Processing by SessionsController#new as HTML
  Parameters: {"authenticity_token"=>"[FILTERED]"}
  Rendering layout layouts/application.html.erb
  Rendering sessions/new.html.erb within layouts/application
  Rendered sessions/new.html.erb within layouts/application (Duration: 0.9ms | Allocations: 248)
  [1m[36mUser Load (0.4ms)[0m  [1m[34mSELECT "users".* FROM "users" WHERE "users"."session_token" IS NULL LIMIT $1[0m  [["LIMIT", 1]]
  ↳ app/controllers/application_controller.rb:6:in `current_user'
  Rendered layout layouts/application.html.erb (Duration: 10.0ms | Allocations: 1884)
Completed 200 OK in 11ms (Views: 10.6ms | ActiveRecord: 0.4ms | Allocations: 2125)


Started POST "/session" for ::1 at 2022-11-15 14:43:16 -0800
Processing by SessionsController#create as HTML
  Parameters: {"authenticity_token"=>"[FILTERED]", "user"=>{"email"=>"a@abc.com", "password"=>"[FILTERED]"}}
  [1m[36mUser Load (0.5ms)[0m  [1m[34mSELECT "users".* FROM "users" WHERE "users"."email" = $1 LIMIT $2[0m  [["email", "a@abc.com"], ["LIMIT", 1]]
  ↳ app/models/user.rb:11:in `find_by_credentials'
  [1m[36mUser Exists? (0.6ms)[0m  [1m[34mSELECT 1 AS one FROM "users" WHERE "users"."session_token" = $1 LIMIT $2[0m  [["session_token", "[FILTERED]"], ["LIMIT", 1]]
  ↳ app/models/user.rb:41:in `generate_unique_session_token'
  [1m[36mTRANSACTION (0.2ms)[0m  [1m[35mBEGIN[0m
  ↳ app/models/user.rb:31:in `reset_session_token'
  [1m[36mUser Update (0.9ms)[0m  [1m[33mUPDATE "users" SET "session_token" = $1, "updated_at" = $2 WHERE "users"."id" = $3[0m  [["session_token", "[FILTERED]"], ["updated_at", "2022-11-15 22:43:17.023214"], ["id", 1]]
  ↳ app/models/user.rb:31:in `reset_session_token'
  [1m[36mTRANSACTION (2.5ms)[0m  [1m[35mCOMMIT[0m
  ↳ app/models/user.rb:31:in `reset_session_token'
Redirected to http://localhost:3000/users/1
Completed 302 Found in 342ms (ActiveRecord: 4.7ms | Allocations: 3220)


Started GET "/users/1" for ::1 at 2022-11-15 14:43:17 -0800
Processing by UsersController#show as HTML
  Parameters: {"id"=>"1"}
  [1m[36mUser Load (0.4ms)[0m  [1m[34mSELECT "users".* FROM "users" WHERE "users"."id" = $1 LIMIT $2[0m  [["id", 1], ["LIMIT", 1]]
  ↳ app/controllers/users_controller.rb:18:in `show'
  Rendering layout layouts/application.html.erb
  Rendering users/show.html.erb within layouts/application
  Rendered users/show.html.erb within layouts/application (Duration: 1.3ms | Allocations: 125)
  [1m[36mUser Load (0.4ms)[0m  [1m[34mSELECT "users".* FROM "users" WHERE "users"."session_token" = $1 LIMIT $2[0m  [["session_token", "[FILTERED]"], ["LIMIT", 1]]
  ↳ app/controllers/application_controller.rb:6:in `current_user'
  Rendered layout layouts/application.html.erb (Duration: 11.9ms | Allocations: 2172)
Completed 200 OK in 22ms (Views: 14.9ms | ActiveRecord: 0.8ms | Allocations: 3172)


Started DELETE "/session" for ::1 at 2022-11-15 14:44:37 -0800
Processing by SessionsController#destroy as HTML
  Parameters: {"authenticity_token"=>"[FILTERED]"}
  [1m[36mUser Load (0.2ms)[0m  [1m[34mSELECT "users".* FROM "users" WHERE "users"."session_token" = $1 LIMIT $2[0m  [["session_token", "[FILTERED]"], ["LIMIT", 1]]
  ↳ app/controllers/application_controller.rb:6:in `current_user'
  [1m[36mUser Exists? (0.4ms)[0m  [1m[34mSELECT 1 AS one FROM "users" WHERE "users"."session_token" = $1 LIMIT $2[0m  [["session_token", "[FILTERED]"], ["LIMIT", 1]]
  ↳ app/models/user.rb:41:in `generate_unique_session_token'
  [1m[36mTRANSACTION (0.2ms)[0m  [1m[35mBEGIN[0m
  ↳ app/models/user.rb:31:in `reset_session_token'
  [1m[36mUser Update (2.8ms)[0m  [1m[33mUPDATE "users" SET "session_token" = $1, "updated_at" = $2 WHERE "users"."id" = $3[0m  [["session_token", "[FILTERED]"], ["updated_at", "2022-11-15 22:44:37.547490"], ["id", 1]]
  ↳ app/models/user.rb:31:in `reset_session_token'
  [1m[36mTRANSACTION (40.8ms)[0m  [1m[35mCOMMIT[0m
  ↳ app/models/user.rb:31:in `reset_session_token'
Redirected to http://localhost:3000/session/new
Completed 302 Found in 59ms (ActiveRecord: 44.5ms | Allocations: 3230)


Started GET "/session/new" for ::1 at 2022-11-15 14:44:37 -0800
Processing by SessionsController#new as HTML
  Rendering layout layouts/application.html.erb
  Rendering sessions/new.html.erb within layouts/application
  Rendered sessions/new.html.erb within layouts/application (Duration: 0.8ms | Allocations: 215)
  [1m[36mUser Load (0.5ms)[0m  [1m[34mSELECT "users".* FROM "users" WHERE "users"."session_token" IS NULL LIMIT $1[0m  [["LIMIT", 1]]
  ↳ app/controllers/application_controller.rb:6:in `current_user'
  Rendered layout layouts/application.html.erb (Duration: 9.0ms | Allocations: 1854)
Completed 200 OK in 11ms (Views: 9.9ms | ActiveRecord: 0.5ms | Allocations: 2095)


Started GET "/session/new" for ::1 at 2022-11-15 14:45:14 -0800
Processing by SessionsController#new as HTML
  Rendering layout layouts/application.html.erb
  Rendering sessions/new.html.erb within layouts/application
  Rendered sessions/new.html.erb within layouts/application (Duration: 0.8ms | Allocations: 227)
  [1m[36mUser Load (0.4ms)[0m  [1m[34mSELECT "users".* FROM "users" WHERE "users"."session_token" IS NULL LIMIT $1[0m  [["LIMIT", 1]]
  ↳ app/controllers/application_controller.rb:6:in `current_user'
  Rendered layout layouts/application.html.erb (Duration: 15.3ms | Allocations: 3299)
Completed 200 OK in 17ms (Views: 15.9ms | ActiveRecord: 0.4ms | Allocations: 3518)


Started GET "/session/new?authenticity_token=[FILTERED]" for ::1 at 2022-11-15 14:48:00 -0800
Processing by SessionsController#new as HTML
  Parameters: {"authenticity_token"=>"[FILTERED]"}
  Rendering layout layouts/application.html.erb
  Rendering sessions/new.html.erb within layouts/application
  Rendered sessions/new.html.erb within layouts/application (Duration: 1.0ms | Allocations: 206)
  [1m[36mUser Load (0.4ms)[0m  [1m[34mSELECT "users".* FROM "users" WHERE "users"."session_token" IS NULL LIMIT $1[0m  [["LIMIT", 1]]
  ↳ app/controllers/application_controller.rb:6:in `current_user'
  Rendered layout layouts/application.html.erb (Duration: 7.8ms | Allocations: 1843)
Completed 200 OK in 9ms (Views: 8.4ms | ActiveRecord: 0.4ms | Allocations: 2064)


Started POST "/session" for ::1 at 2022-11-15 15:12:22 -0800
Processing by SessionsController#create as HTML
  Parameters: {"authenticity_token"=>"[FILTERED]", "user"=>{"email"=>"a@abc.com", "password"=>"[FILTERED]"}}
  [1m[36mUser Load (0.6ms)[0m  [1m[34mSELECT "users".* FROM "users" WHERE "users"."email" = $1 LIMIT $2[0m  [["email", "a@abc.com"], ["LIMIT", 1]]
  ↳ app/models/user.rb:11:in `find_by_credentials'
  [1m[36mUser Exists? (0.5ms)[0m  [1m[34mSELECT 1 AS one FROM "users" WHERE "users"."session_token" = $1 LIMIT $2[0m  [["session_token", "[FILTERED]"], ["LIMIT", 1]]
  ↳ app/models/user.rb:41:in `generate_unique_session_token'
  [1m[36mTRANSACTION (0.3ms)[0m  [1m[35mBEGIN[0m
  ↳ app/models/user.rb:31:in `reset_session_token'
  [1m[36mUser Update (3.0ms)[0m  [1m[33mUPDATE "users" SET "session_token" = $1, "updated_at" = $2 WHERE "users"."id" = $3[0m  [["session_token", "[FILTERED]"], ["updated_at", "2022-11-15 23:12:22.649902"], ["id", 1]]
  ↳ app/models/user.rb:31:in `reset_session_token'
  [1m[36mTRANSACTION (2.6ms)[0m  [1m[35mCOMMIT[0m
  ↳ app/models/user.rb:31:in `reset_session_token'
Redirected to http://localhost:3000/users/1
Completed 302 Found in 338ms (ActiveRecord: 17.7ms | Allocations: 9371)


Started GET "/users/1" for ::1 at 2022-11-15 15:12:22 -0800
Processing by UsersController#show as HTML
  Parameters: {"id"=>"1"}
  [1m[36mUser Load (0.4ms)[0m  [1m[34mSELECT "users".* FROM "users" WHERE "users"."id" = $1 LIMIT $2[0m  [["id", 1], ["LIMIT", 1]]
  ↳ app/controllers/users_controller.rb:18:in `show'
  Rendering layout layouts/application.html.erb
  Rendering users/show.html.erb within layouts/application
  Rendered users/show.html.erb within layouts/application (Duration: 8.6ms | Allocations: 5114)
  Rendered layout layouts/application.html.erb (Duration: 9.0ms | Allocations: 5202)
Completed 500 Internal Server Error in 15ms (ActiveRecord: 0.4ms | Allocations: 7398)



NameError - undefined local variable or method `user' for #<ActionView::Base:0x00000000007aa8>
Did you mean?  @user:
  app/views/users/show.html.erb:1
  app/controllers/users_controller.rb:19:in `show'

Started POST "/__better_errors/f46039e0bda54369/variables" for ::1 at 2022-11-15 15:12:22 -0800
Started GET "/users/1" for ::1 at 2022-11-15 15:13:21 -0800
Processing by UsersController#show as HTML
  Parameters: {"id"=>"1"}
  [1m[36mUser Load (0.6ms)[0m  [1m[34mSELECT "users".* FROM "users" WHERE "users"."id" = $1 LIMIT $2[0m  [["id", 1], ["LIMIT", 1]]
  ↳ app/controllers/users_controller.rb:18:in `show'
  Rendering layout layouts/application.html.erb
  Rendering users/show.html.erb within layouts/application
  Rendered users/show.html.erb within layouts/application (Duration: 0.7ms | Allocations: 127)
  [1m[36mUser Load (1.0ms)[0m  [1m[34mSELECT "users".* FROM "users" WHERE "users"."session_token" = $1 LIMIT $2[0m  [["session_token", "[FILTERED]"], ["LIMIT", 1]]
  ↳ app/controllers/application_controller.rb:6:in `current_user'
  Rendered layout layouts/application.html.erb (Duration: 16.5ms | Allocations: 2613)
Completed 200 OK in 25ms (Views: 19.2ms | ActiveRecord: 1.5ms | Allocations: 3903)


  [1m[35m (0.3ms)[0m  [1m[34mSELECT pg_try_advisory_lock(1555902080779534005)[0m
  [1m[36mActiveRecord::SchemaMigration Pluck (0.7ms)[0m  [1m[34mSELECT "schema_migrations"."version" FROM "schema_migrations" ORDER BY "schema_migrations"."version" ASC[0m
Migrating to CreateBands (20221115232826)
  [1m[36mTRANSACTION (0.4ms)[0m  [1m[35mBEGIN[0m
  [1m[35m (49.2ms)[0m  [1m[35mCREATE TABLE "bands" ("id" bigserial primary key, "name" character varying NOT NULL, "created_at" timestamp(6) NOT NULL, "updated_at" timestamp(6) NOT NULL)[0m
  [1m[35m (1.5ms)[0m  [1m[35mCREATE UNIQUE INDEX "index_bands_on_name" ON "bands" ("name")[0m
  [1m[36mActiveRecord::SchemaMigration Create (0.5ms)[0m  [1m[32mINSERT INTO "schema_migrations" ("version") VALUES ($1) RETURNING "version"[0m  [["version", "20221115232826"]]
  [1m[36mTRANSACTION (1.0ms)[0m  [1m[35mCOMMIT[0m
  [1m[36mActiveRecord::InternalMetadata Load (0.5ms)[0m  [1m[34mSELECT "ar_internal_metadata".* FROM "ar_internal_metadata" WHERE "ar_internal_metadata"."key" = $1 LIMIT $2[0m  [["key", "environment"], ["LIMIT", 1]]
  [1m[35m (0.3ms)[0m  [1m[34mSELECT pg_advisory_unlock(1555902080779534005)[0m
  [1m[36mActiveRecord::SchemaMigration Pluck (0.8ms)[0m  [1m[34mSELECT "schema_migrations"."version" FROM "schema_migrations" ORDER BY "schema_migrations"."version" ASC[0m
Started GET "/bands" for ::1 at 2022-11-15 16:47:28 -0800
  [1m[36mActiveRecord::SchemaMigration Pluck (0.8ms)[0m  [1m[34mSELECT "schema_migrations"."version" FROM "schema_migrations" ORDER BY "schema_migrations"."version" ASC[0m
Processing by BandsController#index as HTML
  Rendering layout layouts/application.html.erb
  Rendering bands/index.html.erb within layouts/application
  [1m[36mBand Load (0.9ms)[0m  [1m[34mSELECT "bands".* FROM "bands"[0m
  ↳ app/views/bands/index.html.erb:2
  Rendered bands/index.html.erb within layouts/application (Duration: 3.7ms | Allocations: 906)
  [1m[36mUser Load (2.1ms)[0m  [1m[34mSELECT "users".* FROM "users" WHERE "users"."session_token" = $1 LIMIT $2[0m  [["session_token", "[FILTERED]"], ["LIMIT", 1]]
  ↳ app/controllers/application_controller.rb:6:in `current_user'
  Rendered layout layouts/application.html.erb (Duration: 21.4ms | Allocations: 5721)
Completed 200 OK in 29ms (Views: 22.9ms | ActiveRecord: 3.3ms | Allocations: 7328)


Started GET "/bands/new" for ::1 at 2022-11-15 16:47:38 -0800
Processing by BandsController#new as HTML
  Rendering layout layouts/application.html.erb
  Rendering bands/new.html.erb within layouts/application
  Rendered bands/new.html.erb within layouts/application (Duration: 1.1ms | Allocations: 427)
  [1m[36mUser Load (0.5ms)[0m  [1m[34mSELECT "users".* FROM "users" WHERE "users"."session_token" = $1 LIMIT $2[0m  [["session_token", "[FILTERED]"], ["LIMIT", 1]]
  ↳ app/controllers/application_controller.rb:6:in `current_user'
  Rendered layout layouts/application.html.erb (Duration: 8.2ms | Allocations: 2042)
Completed 200 OK in 26ms (Views: 9.5ms | ActiveRecord: 8.7ms | Allocations: 4103)


Started POST "/bands" for ::1 at 2022-11-15 16:47:48 -0800
Processing by BandsController#create as HTML
  Parameters: {"authenticity_token"=>"[FILTERED]", "band"=>{"name"=>"Red Hot Chili Peppers"}}
  [1m[36mTRANSACTION (0.3ms)[0m  [1m[35mBEGIN[0m
  ↳ app/controllers/bands_controller.rb:26:in `create'
  [1m[36mBand Exists? (1.6ms)[0m  [1m[34mSELECT 1 AS one FROM "bands" WHERE "bands"."name" = $1 LIMIT $2[0m  [["name", "Red Hot Chili Peppers"], ["LIMIT", 1]]
  ↳ app/controllers/bands_controller.rb:26:in `create'
  [1m[36mBand Create (42.2ms)[0m  [1m[32mINSERT INTO "bands" ("name", "created_at", "updated_at") VALUES ($1, $2, $3) RETURNING "id"[0m  [["name", "Red Hot Chili Peppers"], ["created_at", "2022-11-16 00:47:48.619906"], ["updated_at", "2022-11-16 00:47:48.619906"]]
  ↳ app/controllers/bands_controller.rb:26:in `create'
  [1m[36mTRANSACTION (0.7ms)[0m  [1m[35mCOMMIT[0m
  ↳ app/controllers/bands_controller.rb:26:in `create'
Redirected to http://localhost:3000/bands
Completed 302 Found in 57ms (ActiveRecord: 44.8ms | Allocations: 3289)


Started GET "/bands" for ::1 at 2022-11-15 16:47:48 -0800
Processing by BandsController#index as HTML
  Rendering layout layouts/application.html.erb
  Rendering bands/index.html.erb within layouts/application
  [1m[36mBand Load (0.4ms)[0m  [1m[34mSELECT "bands".* FROM "bands"[0m
  ↳ app/views/bands/index.html.erb:2
  Rendered bands/_band.html.erb (Duration: 0.6ms | Allocations: 104)
  Rendered bands/index.html.erb within layouts/application (Duration: 4.5ms | Allocations: 815)
  [1m[36mUser Load (0.4ms)[0m  [1m[34mSELECT "users".* FROM "users" WHERE "users"."session_token" = $1 LIMIT $2[0m  [["session_token", "[FILTERED]"], ["LIMIT", 1]]
  ↳ app/controllers/application_controller.rb:6:in `current_user'
  Rendered layout layouts/application.html.erb (Duration: 10.3ms | Allocations: 2501)
Completed 200 OK in 12ms (Views: 11.0ms | ActiveRecord: 0.8ms | Allocations: 2718)


Started GET "/bands" for ::1 at 2022-11-15 16:50:00 -0800
Processing by BandsController#index as HTML
  Rendering layout layouts/application.html.erb
  Rendering bands/index.html.erb within layouts/application
  [1m[36mBand Load (0.3ms)[0m  [1m[34mSELECT "bands".* FROM "bands"[0m
  ↳ app/views/bands/index.html.erb:3
  Rendered bands/_band.html.erb (Duration: 0.7ms | Allocations: 101)
  Rendered bands/index.html.erb within layouts/application (Duration: 4.7ms | Allocations: 1093)
  [1m[36mUser Load (0.4ms)[0m  [1m[34mSELECT "users".* FROM "users" WHERE "users"."session_token" = $1 LIMIT $2[0m  [["session_token", "[FILTERED]"], ["LIMIT", 1]]
  ↳ app/controllers/application_controller.rb:6:in `current_user'
  Rendered layout layouts/application.html.erb (Duration: 11.0ms | Allocations: 3313)
Completed 200 OK in 15ms (Views: 13.9ms | ActiveRecord: 0.7ms | Allocations: 4005)


Started GET "/bands/new" for ::1 at 2022-11-15 16:50:02 -0800
Processing by BandsController#new as HTML
  Rendering layout layouts/application.html.erb
  Rendering bands/new.html.erb within layouts/application
  Rendered bands/new.html.erb within layouts/application (Duration: 1.4ms | Allocations: 351)
  [1m[36mUser Load (0.3ms)[0m  [1m[34mSELECT "users".* FROM "users" WHERE "users"."session_token" = $1 LIMIT $2[0m  [["session_token", "[FILTERED]"], ["LIMIT", 1]]
  ↳ app/controllers/application_controller.rb:6:in `current_user'
  Rendered layout layouts/application.html.erb (Duration: 6.2ms | Allocations: 1863)
Completed 200 OK in 8ms (Views: 7.5ms | ActiveRecord: 0.3ms | Allocations: 2155)


Started POST "/bands" for ::1 at 2022-11-15 16:50:06 -0800
Processing by BandsController#create as HTML
  Parameters: {"authenticity_token"=>"[FILTERED]", "band"=>{"name"=>"Green Day"}}
  [1m[36mTRANSACTION (0.3ms)[0m  [1m[35mBEGIN[0m
  ↳ app/controllers/bands_controller.rb:26:in `create'
  [1m[36mBand Exists? (0.9ms)[0m  [1m[34mSELECT 1 AS one FROM "bands" WHERE "bands"."name" = $1 LIMIT $2[0m  [["name", "Green Day"], ["LIMIT", 1]]
  ↳ app/controllers/bands_controller.rb:26:in `create'
  [1m[36mBand Create (0.6ms)[0m  [1m[32mINSERT INTO "bands" ("name", "created_at", "updated_at") VALUES ($1, $2, $3) RETURNING "id"[0m  [["name", "Green Day"], ["created_at", "2022-11-16 00:50:06.750057"], ["updated_at", "2022-11-16 00:50:06.750057"]]
  ↳ app/controllers/bands_controller.rb:26:in `create'
  [1m[36mTRANSACTION (39.7ms)[0m  [1m[35mCOMMIT[0m
  ↳ app/controllers/bands_controller.rb:26:in `create'
Redirected to http://localhost:3000/bands
Completed 302 Found in 51ms (ActiveRecord: 41.4ms | Allocations: 3020)


Started GET "/bands" for ::1 at 2022-11-15 16:50:06 -0800
Processing by BandsController#index as HTML
  Rendering layout layouts/application.html.erb
  Rendering bands/index.html.erb within layouts/application
  [1m[36mBand Load (0.7ms)[0m  [1m[34mSELECT "bands".* FROM "bands"[0m
  ↳ app/views/bands/index.html.erb:3
  Rendered bands/_band.html.erb (Duration: 0.2ms | Allocations: 11)
  Rendered bands/_band.html.erb (Duration: 0.0ms | Allocations: 10)
  Rendered bands/index.html.erb within layouts/application (Duration: 3.6ms | Allocations: 731)
  [1m[36mUser Load (2.1ms)[0m  [1m[34mSELECT "users".* FROM "users" WHERE "users"."session_token" = $1 LIMIT $2[0m  [["session_token", "[FILTERED]"], ["LIMIT", 1]]
  ↳ app/controllers/application_controller.rb:6:in `current_user'
  Rendered layout layouts/application.html.erb (Duration: 10.1ms | Allocations: 2414)
Completed 200 OK in 11ms (Views: 8.0ms | ActiveRecord: 2.8ms | Allocations: 2631)


Started GET "/bands/new" for ::1 at 2022-11-15 16:50:09 -0800
Processing by BandsController#new as HTML
  Rendering layout layouts/application.html.erb
  Rendering bands/new.html.erb within layouts/application
  Rendered bands/new.html.erb within layouts/application (Duration: 1.0ms | Allocations: 243)
  [1m[36mUser Load (0.3ms)[0m  [1m[34mSELECT "users".* FROM "users" WHERE "users"."session_token" = $1 LIMIT $2[0m  [["session_token", "[FILTERED]"], ["LIMIT", 1]]
  ↳ app/controllers/application_controller.rb:6:in `current_user'
  Rendered layout layouts/application.html.erb (Duration: 8.9ms | Allocations: 1755)
Completed 200 OK in 10ms (Views: 9.5ms | ActiveRecord: 0.3ms | Allocations: 1972)


Started POST "/bands" for ::1 at 2022-11-15 16:50:33 -0800
Processing by BandsController#create as HTML
  Parameters: {"authenticity_token"=>"[FILTERED]", "band"=>{"name"=>"Talking Heads"}}
  [1m[36mTRANSACTION (0.2ms)[0m  [1m[35mBEGIN[0m
  ↳ app/controllers/bands_controller.rb:26:in `create'
  [1m[36mBand Exists? (2.1ms)[0m  [1m[34mSELECT 1 AS one FROM "bands" WHERE "bands"."name" = $1 LIMIT $2[0m  [["name", "Talking Heads"], ["LIMIT", 1]]
  ↳ app/controllers/bands_controller.rb:26:in `create'
  [1m[36mBand Create (0.8ms)[0m  [1m[32mINSERT INTO "bands" ("name", "created_at", "updated_at") VALUES ($1, $2, $3) RETURNING "id"[0m  [["name", "Talking Heads"], ["created_at", "2022-11-16 00:50:33.775672"], ["updated_at", "2022-11-16 00:50:33.775672"]]
  ↳ app/controllers/bands_controller.rb:26:in `create'
  [1m[36mTRANSACTION (0.4ms)[0m  [1m[35mCOMMIT[0m
  ↳ app/controllers/bands_controller.rb:26:in `create'
Redirected to http://localhost:3000/bands
Completed 302 Found in 15ms (ActiveRecord: 3.5ms | Allocations: 2917)


Started GET "/bands" for ::1 at 2022-11-15 16:50:33 -0800
Processing by BandsController#index as HTML
  Rendering layout layouts/application.html.erb
  Rendering bands/index.html.erb within layouts/application
  [1m[36mBand Load (0.3ms)[0m  [1m[34mSELECT "bands".* FROM "bands"[0m
  ↳ app/views/bands/index.html.erb:3
  Rendered bands/_band.html.erb (Duration: 0.1ms | Allocations: 11)
  Rendered bands/_band.html.erb (Duration: 0.1ms | Allocations: 10)
  Rendered bands/_band.html.erb (Duration: 0.1ms | Allocations: 10)
  Rendered bands/index.html.erb within layouts/application (Duration: 3.7ms | Allocations: 804)
  [1m[36mUser Load (0.3ms)[0m  [1m[34mSELECT "users".* FROM "users" WHERE "users"."session_token" = $1 LIMIT $2[0m  [["session_token", "[FILTERED]"], ["LIMIT", 1]]
  ↳ app/controllers/application_controller.rb:6:in `current_user'
  Rendered layout layouts/application.html.erb (Duration: 9.4ms | Allocations: 2472)
Completed 200 OK in 10ms (Views: 9.5ms | ActiveRecord: 0.6ms | Allocations: 2688)


Started GET "/bands/new" for ::1 at 2022-11-15 16:50:35 -0800
Processing by BandsController#new as HTML
  Rendering layout layouts/application.html.erb
  Rendering bands/new.html.erb within layouts/application
  Rendered bands/new.html.erb within layouts/application (Duration: 1.3ms | Allocations: 225)
  [1m[36mUser Load (0.2ms)[0m  [1m[34mSELECT "users".* FROM "users" WHERE "users"."session_token" = $1 LIMIT $2[0m  [["session_token", "[FILTERED]"], ["LIMIT", 1]]
  ↳ app/controllers/application_controller.rb:6:in `current_user'
  Rendered layout layouts/application.html.erb (Duration: 6.7ms | Allocations: 1737)
Completed 200 OK in 9ms (Views: 7.9ms | ActiveRecord: 0.2ms | Allocations: 1954)


Started POST "/bands" for ::1 at 2022-11-15 16:50:40 -0800
Processing by BandsController#create as HTML
  Parameters: {"authenticity_token"=>"[FILTERED]", "band"=>{"name"=>"Depeche Mode"}}
  [1m[36mTRANSACTION (0.2ms)[0m  [1m[35mBEGIN[0m
  ↳ app/controllers/bands_controller.rb:26:in `create'
  [1m[36mBand Exists? (1.8ms)[0m  [1m[34mSELECT 1 AS one FROM "bands" WHERE "bands"."name" = $1 LIMIT $2[0m  [["name", "Depeche Mode"], ["LIMIT", 1]]
  ↳ app/controllers/bands_controller.rb:26:in `create'
  [1m[36mBand Create (0.6ms)[0m  [1m[32mINSERT INTO "bands" ("name", "created_at", "updated_at") VALUES ($1, $2, $3) RETURNING "id"[0m  [["name", "Depeche Mode"], ["created_at", "2022-11-16 00:50:40.845878"], ["updated_at", "2022-11-16 00:50:40.845878"]]
  ↳ app/controllers/bands_controller.rb:26:in `create'
  [1m[36mTRANSACTION (0.6ms)[0m  [1m[35mCOMMIT[0m
  ↳ app/controllers/bands_controller.rb:26:in `create'
Redirected to http://localhost:3000/bands
Completed 302 Found in 15ms (ActiveRecord: 3.3ms | Allocations: 2910)


Started GET "/bands" for ::1 at 2022-11-15 16:50:40 -0800
Processing by BandsController#index as HTML
  Rendering layout layouts/application.html.erb
  Rendering bands/index.html.erb within layouts/application
  [1m[36mBand Load (0.3ms)[0m  [1m[34mSELECT "bands".* FROM "bands"[0m
  ↳ app/views/bands/index.html.erb:3
  Rendered bands/_band.html.erb (Duration: 0.1ms | Allocations: 11)
  Rendered bands/_band.html.erb (Duration: 0.1ms | Allocations: 10)
  Rendered bands/_band.html.erb (Duration: 0.1ms | Allocations: 10)
  Rendered bands/_band.html.erb (Duration: 0.1ms | Allocations: 10)
  Rendered bands/index.html.erb within layouts/application (Duration: 4.2ms | Allocations: 878)
  [1m[36mUser Load (0.5ms)[0m  [1m[34mSELECT "users".* FROM "users" WHERE "users"."session_token" = $1 LIMIT $2[0m  [["session_token", "[FILTERED]"], ["LIMIT", 1]]
  ↳ app/controllers/application_controller.rb:6:in `current_user'
  Rendered layout layouts/application.html.erb (Duration: 10.9ms | Allocations: 2555)
Completed 200 OK in 12ms (Views: 10.7ms | ActiveRecord: 0.8ms | Allocations: 2771)


Started GET "/bands/new" for ::1 at 2022-11-15 16:50:42 -0800
Processing by BandsController#new as HTML
  Rendering layout layouts/application.html.erb
  Rendering bands/new.html.erb within layouts/application
  Rendered bands/new.html.erb within layouts/application (Duration: 0.6ms | Allocations: 219)
  [1m[36mUser Load (0.3ms)[0m  [1m[34mSELECT "users".* FROM "users" WHERE "users"."session_token" = $1 LIMIT $2[0m  [["session_token", "[FILTERED]"], ["LIMIT", 1]]
  ↳ app/controllers/application_controller.rb:6:in `current_user'
  Rendered layout layouts/application.html.erb (Duration: 5.2ms | Allocations: 1731)
Completed 200 OK in 6ms (Views: 5.7ms | ActiveRecord: 0.2ms | Allocations: 1948)


Started POST "/bands" for ::1 at 2022-11-15 16:51:03 -0800
Processing by BandsController#create as HTML
  Parameters: {"authenticity_token"=>"[FILTERED]", "band"=>{"name"=>"New Order"}}
  [1m[36mTRANSACTION (0.3ms)[0m  [1m[35mBEGIN[0m
  ↳ app/controllers/bands_controller.rb:26:in `create'
  [1m[36mBand Exists? (2.1ms)[0m  [1m[34mSELECT 1 AS one FROM "bands" WHERE "bands"."name" = $1 LIMIT $2[0m  [["name", "New Order"], ["LIMIT", 1]]
  ↳ app/controllers/bands_controller.rb:26:in `create'
  [1m[36mBand Create (0.6ms)[0m  [1m[32mINSERT INTO "bands" ("name", "created_at", "updated_at") VALUES ($1, $2, $3) RETURNING "id"[0m  [["name", "New Order"], ["created_at", "2022-11-16 00:51:03.112439"], ["updated_at", "2022-11-16 00:51:03.112439"]]
  ↳ app/controllers/bands_controller.rb:26:in `create'
  [1m[36mTRANSACTION (0.9ms)[0m  [1m[35mCOMMIT[0m
  ↳ app/controllers/bands_controller.rb:26:in `create'
Redirected to http://localhost:3000/bands
Completed 302 Found in 19ms (ActiveRecord: 3.9ms | Allocations: 2883)


Started GET "/bands" for ::1 at 2022-11-15 16:51:03 -0800
Processing by BandsController#index as HTML
  Rendering layout layouts/application.html.erb
  Rendering bands/index.html.erb within layouts/application
  [1m[36mBand Load (0.8ms)[0m  [1m[34mSELECT "bands".* FROM "bands"[0m
  ↳ app/views/bands/index.html.erb:3
  Rendered bands/_band.html.erb (Duration: 0.1ms | Allocations: 11)
  Rendered bands/_band.html.erb (Duration: 0.2ms | Allocations: 10)
  Rendered bands/_band.html.erb (Duration: 0.1ms | Allocations: 10)
  Rendered bands/_band.html.erb (Duration: 0.1ms | Allocations: 10)
  Rendered bands/_band.html.erb (Duration: 0.1ms | Allocations: 10)
  Rendered bands/index.html.erb within layouts/application (Duration: 6.7ms | Allocations: 951)
  [1m[36mUser Load (0.4ms)[0m  [1m[34mSELECT "users".* FROM "users" WHERE "users"."session_token" = $1 LIMIT $2[0m  [["session_token", "[FILTERED]"], ["LIMIT", 1]]
  ↳ app/controllers/application_controller.rb:6:in `current_user'
  Rendered layout layouts/application.html.erb (Duration: 12.7ms | Allocations: 2634)
Completed 200 OK in 14ms (Views: 12.1ms | ActiveRecord: 1.2ms | Allocations: 2850)


Started DELETE "/session" for ::1 at 2022-11-15 17:06:01 -0800
Processing by SessionsController#destroy as HTML
  Parameters: {"authenticity_token"=>"[FILTERED]"}
  [1m[36mUser Load (0.7ms)[0m  [1m[34mSELECT "users".* FROM "users" WHERE "users"."session_token" = $1 LIMIT $2[0m  [["session_token", "[FILTERED]"], ["LIMIT", 1]]
  ↳ app/controllers/application_controller.rb:6:in `current_user'
  [1m[36mUser Exists? (1.4ms)[0m  [1m[34mSELECT 1 AS one FROM "users" WHERE "users"."session_token" = $1 LIMIT $2[0m  [["session_token", "[FILTERED]"], ["LIMIT", 1]]
  ↳ app/models/user.rb:41:in `generate_unique_session_token'
  [1m[36mTRANSACTION (3.0ms)[0m  [1m[35mBEGIN[0m
  ↳ app/models/user.rb:31:in `reset_session_token'
  [1m[36mUser Update (0.9ms)[0m  [1m[33mUPDATE "users" SET "session_token" = $1, "updated_at" = $2 WHERE "users"."id" = $3[0m  [["session_token", "[FILTERED]"], ["updated_at", "2022-11-16 01:06:01.857533"], ["id", 1]]
  ↳ app/models/user.rb:31:in `reset_session_token'
  [1m[36mTRANSACTION (0.7ms)[0m  [1m[35mCOMMIT[0m
  ↳ app/models/user.rb:31:in `reset_session_token'
Redirected to http://localhost:3000/session/new
Completed 302 Found in 49ms (ActiveRecord: 19.0ms | Allocations: 9221)


Started GET "/session/new" for ::1 at 2022-11-15 17:06:01 -0800
Processing by SessionsController#new as HTML
  Rendering layout layouts/application.html.erb
  Rendering sessions/new.html.erb within layouts/application
  Rendered sessions/new.html.erb within layouts/application (Duration: 1.5ms | Allocations: 469)
  [1m[36mUser Load (0.3ms)[0m  [1m[34mSELECT "users".* FROM "users" WHERE "users"."session_token" IS NULL LIMIT $1[0m  [["LIMIT", 1]]
  ↳ app/controllers/application_controller.rb:6:in `current_user'
  Rendered layout layouts/application.html.erb (Duration: 18.2ms | Allocations: 4148)
Completed 200 OK in 21ms (Views: 20.6ms | ActiveRecord: 0.3ms | Allocations: 4925)


Started POST "/session" for ::1 at 2022-11-15 17:06:12 -0800
Processing by SessionsController#create as HTML
  Parameters: {"authenticity_token"=>"[FILTERED]", "user"=>{"email"=>"a@abc.com", "password"=>"[FILTERED]"}}
  [1m[36mUser Load (0.5ms)[0m  [1m[34mSELECT "users".* FROM "users" WHERE "users"."email" = $1 LIMIT $2[0m  [["email", "a@abc.com"], ["LIMIT", 1]]
  ↳ app/models/user.rb:11:in `find_by_credentials'
  [1m[36mUser Exists? (0.4ms)[0m  [1m[34mSELECT 1 AS one FROM "users" WHERE "users"."session_token" = $1 LIMIT $2[0m  [["session_token", "[FILTERED]"], ["LIMIT", 1]]
  ↳ app/models/user.rb:41:in `generate_unique_session_token'
  [1m[36mTRANSACTION (0.2ms)[0m  [1m[35mBEGIN[0m
  ↳ app/models/user.rb:31:in `reset_session_token'
  [1m[36mUser Update (0.9ms)[0m  [1m[33mUPDATE "users" SET "session_token" = $1, "updated_at" = $2 WHERE "users"."id" = $3[0m  [["session_token", "[FILTERED]"], ["updated_at", "2022-11-16 01:06:12.732863"], ["id", 1]]
  ↳ app/models/user.rb:31:in `reset_session_token'
  [1m[36mTRANSACTION (2.4ms)[0m  [1m[35mCOMMIT[0m
  ↳ app/models/user.rb:31:in `reset_session_token'
Redirected to http://localhost:3000/users/1
Completed 302 Found in 309ms (ActiveRecord: 4.4ms | Allocations: 3314)


Started GET "/users/1" for ::1 at 2022-11-15 17:06:12 -0800
Processing by UsersController#show as HTML
  Parameters: {"id"=>"1"}
  [1m[36mUser Load (0.3ms)[0m  [1m[34mSELECT "users".* FROM "users" WHERE "users"."id" = $1 LIMIT $2[0m  [["id", 1], ["LIMIT", 1]]
  ↳ app/controllers/users_controller.rb:18:in `show'
  Rendering layout layouts/application.html.erb
  Rendering users/show.html.erb within layouts/application
  Rendered users/show.html.erb within layouts/application (Duration: 0.6ms | Allocations: 129)
  [1m[36mUser Load (0.4ms)[0m  [1m[34mSELECT "users".* FROM "users" WHERE "users"."session_token" = $1 LIMIT $2[0m  [["session_token", "[FILTERED]"], ["LIMIT", 1]]
  ↳ app/controllers/application_controller.rb:6:in `current_user'
  Rendered layout layouts/application.html.erb (Duration: 6.2ms | Allocations: 2197)
Completed 200 OK in 15ms (Views: 8.0ms | ActiveRecord: 0.8ms | Allocations: 4236)


Started GET "/bands" for ::1 at 2022-11-15 17:06:26 -0800
Processing by BandsController#index as HTML
  Rendering layout layouts/application.html.erb
  Rendering bands/index.html.erb within layouts/application
  [1m[36mBand Load (1.0ms)[0m  [1m[34mSELECT "bands".* FROM "bands"[0m
  ↳ app/views/bands/index.html.erb:3
  Rendered bands/_band.html.erb (Duration: 0.6ms | Allocations: 104)
  Rendered bands/_band.html.erb (Duration: 0.1ms | Allocations: 10)
  Rendered bands/_band.html.erb (Duration: 0.0ms | Allocations: 10)
  Rendered bands/_band.html.erb (Duration: 0.1ms | Allocations: 10)
  Rendered bands/_band.html.erb (Duration: 0.2ms | Allocations: 10)
  Rendered bands/index.html.erb within layouts/application (Duration: 12.8ms | Allocations: 2429)
  [1m[36mUser Load (0.4ms)[0m  [1m[34mSELECT "users".* FROM "users" WHERE "users"."session_token" = $1 LIMIT $2[0m  [["session_token", "[FILTERED]"], ["LIMIT", 1]]
  ↳ app/controllers/application_controller.rb:6:in `current_user'
  Rendered layout layouts/application.html.erb (Duration: 19.4ms | Allocations: 4409)
Completed 200 OK in 25ms (Views: 20.1ms | ActiveRecord: 1.4ms | Allocations: 5576)


Started GET "/bands" for ::1 at 2022-11-15 17:15:15 -0800
Processing by BandsController#index as HTML
  Rendering layout layouts/application.html.erb
  Rendering bands/index.html.erb within layouts/application
  [1m[36mBand Load (0.7ms)[0m  [1m[34mSELECT "bands".* FROM "bands"[0m
  ↳ app/views/bands/index.html.erb:3
  Rendered bands/_band.html.erb (Duration: 0.5ms | Allocations: 101)
  Rendered bands/_band.html.erb (Duration: 0.1ms | Allocations: 10)
  Rendered bands/_band.html.erb (Duration: 0.1ms | Allocations: 10)
  Rendered bands/_band.html.erb (Duration: 0.1ms | Allocations: 10)
  Rendered bands/_band.html.erb (Duration: 0.0ms | Allocations: 10)
  Rendered bands/index.html.erb within layouts/application (Duration: 21.6ms | Allocations: 4468)
  [1m[36mUser Load (0.9ms)[0m  [1m[34mSELECT "users".* FROM "users" WHERE "users"."session_token" = $1 LIMIT $2[0m  [["session_token", "[FILTERED]"], ["LIMIT", 1]]
  ↳ app/controllers/application_controller.rb:6:in `current_user'
  Rendered layout layouts/application.html.erb (Duration: 31.5ms | Allocations: 6736)
Completed 200 OK in 36ms (Views: 35.3ms | ActiveRecord: 10.3ms | Allocations: 7443)


Started GET "/bands/1" for ::1 at 2022-11-15 17:15:18 -0800
Processing by BandsController#show as HTML
  Parameters: {"id"=>"1"}
  [1m[36mBand Load (0.8ms)[0m  [1m[34mSELECT "bands".* FROM "bands" WHERE "bands"."id" = $1 LIMIT $2[0m  [["id", 1], ["LIMIT", 1]]
  ↳ app/controllers/bands_controller.rb:44:in `set_band'
  [1m[36mCACHE Band Load (0.0ms)[0m  [1m[34mSELECT "bands".* FROM "bands" WHERE "bands"."id" = $1 LIMIT $2[0m  [["id", 1], ["LIMIT", 1]]
  ↳ app/controllers/bands_controller.rb:44:in `set_band'
  Rendering layout layouts/application.html.erb
  Rendering bands/show.html.erb within layouts/application
  Rendered bands/_band.html.erb (Duration: 0.1ms | Allocations: 11)
  Rendered bands/show.html.erb within layouts/application (Duration: 1.3ms | Allocations: 157)
  [1m[36mUser Load (0.4ms)[0m  [1m[34mSELECT "users".* FROM "users" WHERE "users"."session_token" = $1 LIMIT $2[0m  [["session_token", "[FILTERED]"], ["LIMIT", 1]]
  ↳ app/controllers/application_controller.rb:6:in `current_user'
  Rendered layout layouts/application.html.erb (Duration: 7.3ms | Allocations: 1842)
Completed 200 OK in 18ms (Views: 8.8ms | ActiveRecord: 1.3ms | Allocations: 3986)


Started GET "/bands/2" for ::1 at 2022-11-15 17:15:21 -0800
Processing by BandsController#show as HTML
  Parameters: {"id"=>"2"}
  [1m[36mBand Load (0.3ms)[0m  [1m[34mSELECT "bands".* FROM "bands" WHERE "bands"."id" = $1 LIMIT $2[0m  [["id", 2], ["LIMIT", 1]]
  ↳ app/controllers/bands_controller.rb:44:in `set_band'
  [1m[36mCACHE Band Load (0.0ms)[0m  [1m[34mSELECT "bands".* FROM "bands" WHERE "bands"."id" = $1 LIMIT $2[0m  [["id", 2], ["LIMIT", 1]]
  ↳ app/controllers/bands_controller.rb:44:in `set_band'
  Rendering layout layouts/application.html.erb
  Rendering bands/show.html.erb within layouts/application
  Rendered bands/_band.html.erb (Duration: 0.1ms | Allocations: 11)
  Rendered bands/show.html.erb within layouts/application (Duration: 0.4ms | Allocations: 71)
  [1m[36mUser Load (0.4ms)[0m  [1m[34mSELECT "users".* FROM "users" WHERE "users"."session_token" = $1 LIMIT $2[0m  [["session_token", "[FILTERED]"], ["LIMIT", 1]]
  ↳ app/controllers/application_controller.rb:6:in `current_user'
  Rendered layout layouts/application.html.erb (Duration: 5.9ms | Allocations: 1745)
Completed 200 OK in 12ms (Views: 6.3ms | ActiveRecord: 0.8ms | Allocations: 2863)


Started GET "/bands/5" for ::1 at 2022-11-15 17:15:29 -0800
Processing by BandsController#show as HTML
  Parameters: {"id"=>"5"}
  [1m[36mBand Load (0.7ms)[0m  [1m[34mSELECT "bands".* FROM "bands" WHERE "bands"."id" = $1 LIMIT $2[0m  [["id", 5], ["LIMIT", 1]]
  ↳ app/controllers/bands_controller.rb:44:in `set_band'
  [1m[36mCACHE Band Load (0.0ms)[0m  [1m[34mSELECT "bands".* FROM "bands" WHERE "bands"."id" = $1 LIMIT $2[0m  [["id", 5], ["LIMIT", 1]]
  ↳ app/controllers/bands_controller.rb:44:in `set_band'
  Rendering layout layouts/application.html.erb
  Rendering bands/show.html.erb within layouts/application
  Rendered bands/_band.html.erb (Duration: 0.1ms | Allocations: 11)
  Rendered bands/show.html.erb within layouts/application (Duration: 0.3ms | Allocations: 71)
  [1m[36mUser Load (0.4ms)[0m  [1m[34mSELECT "users".* FROM "users" WHERE "users"."session_token" = $1 LIMIT $2[0m  [["session_token", "[FILTERED]"], ["LIMIT", 1]]
  ↳ app/controllers/application_controller.rb:6:in `current_user'
  Rendered layout layouts/application.html.erb (Duration: 8.4ms | Allocations: 1746)
Completed 200 OK in 16ms (Views: 9.1ms | ActiveRecord: 1.2ms | Allocations: 2862)


Started GET "/bands" for ::1 at 2022-11-15 17:16:15 -0800
Processing by BandsController#index as HTML
  Rendering layout layouts/application.html.erb
  Rendering bands/index.html.erb within layouts/application
  [1m[36mBand Load (0.4ms)[0m  [1m[34mSELECT "bands".* FROM "bands"[0m
  ↳ app/views/bands/index.html.erb:3
  Rendered bands/_band.html.erb (Duration: 0.6ms | Allocations: 101)
  Rendered bands/_band.html.erb (Duration: 0.1ms | Allocations: 10)
  Rendered bands/_band.html.erb (Duration: 0.1ms | Allocations: 10)
  Rendered bands/_band.html.erb (Duration: 0.1ms | Allocations: 10)
  Rendered bands/_band.html.erb (Duration: 0.0ms | Allocations: 10)
  Rendered bands/index.html.erb within layouts/application (Duration: 7.8ms | Allocations: 1537)
  [1m[36mUser Load (0.4ms)[0m  [1m[34mSELECT "users".* FROM "users" WHERE "users"."session_token" = $1 LIMIT $2[0m  [["session_token", "[FILTERED]"], ["LIMIT", 1]]
  ↳ app/controllers/application_controller.rb:6:in `current_user'
  Rendered layout layouts/application.html.erb (Duration: 15.8ms | Allocations: 3751)
Completed 200 OK in 19ms (Views: 18.2ms | ActiveRecord: 0.7ms | Allocations: 4446)


Started GET "/bands" for ::1 at 2022-11-15 17:16:17 -0800
Processing by BandsController#index as HTML
  Rendering layout layouts/application.html.erb
  Rendering bands/index.html.erb within layouts/application
  [1m[36mBand Load (0.3ms)[0m  [1m[34mSELECT "bands".* FROM "bands"[0m
  ↳ app/views/bands/index.html.erb:3
  Rendered bands/_band.html.erb (Duration: 0.1ms | Allocations: 11)
  Rendered bands/_band.html.erb (Duration: 0.0ms | Allocations: 10)
  Rendered bands/_band.html.erb (Duration: 0.0ms | Allocations: 10)
  Rendered bands/_band.html.erb (Duration: 0.1ms | Allocations: 10)
  Rendered bands/_band.html.erb (Duration: 0.1ms | Allocations: 10)
  Rendered bands/index.html.erb within layouts/application (Duration: 6.0ms | Allocations: 1081)
  [1m[36mUser Load (0.4ms)[0m  [1m[34mSELECT "users".* FROM "users" WHERE "users"."session_token" = $1 LIMIT $2[0m  [["session_token", "[FILTERED]"], ["LIMIT", 1]]
  ↳ app/controllers/application_controller.rb:6:in `current_user'
  Rendered layout layouts/application.html.erb (Duration: 11.0ms | Allocations: 2767)
Completed 200 OK in 13ms (Views: 11.7ms | ActiveRecord: 0.7ms | Allocations: 3003)


Started GET "/bands" for ::1 at 2022-11-15 17:16:30 -0800
Processing by BandsController#index as HTML
  Rendering layout layouts/application.html.erb
  Rendering bands/index.html.erb within layouts/application
  [1m[36mBand Load (0.3ms)[0m  [1m[34mSELECT "bands".* FROM "bands"[0m
  ↳ app/views/bands/index.html.erb:3
  Rendered bands/_band.html.erb (Duration: 0.6ms | Allocations: 101)
  Rendered bands/_band.html.erb (Duration: 0.1ms | Allocations: 10)
  Rendered bands/_band.html.erb (Duration: 0.0ms | Allocations: 10)
  Rendered bands/_band.html.erb (Duration: 0.0ms | Allocations: 10)
  Rendered bands/_band.html.erb (Duration: 0.0ms | Allocations: 10)
  Rendered bands/index.html.erb within layouts/application (Duration: 7.3ms | Allocations: 1536)
  [1m[36mUser Load (0.3ms)[0m  [1m[34mSELECT "users".* FROM "users" WHERE "users"."session_token" = $1 LIMIT $2[0m  [["session_token", "[FILTERED]"], ["LIMIT", 1]]
  ↳ app/controllers/application_controller.rb:6:in `current_user'
  Rendered layout layouts/application.html.erb (Duration: 13.5ms | Allocations: 3747)
Completed 200 OK in 17ms (Views: 15.8ms | ActiveRecord: 0.6ms | Allocations: 4439)


Started GET "/bands/1" for ::1 at 2022-11-15 17:20:54 -0800
Processing by BandsController#show as HTML
  Parameters: {"id"=>"1"}
  [1m[36mBand Load (0.4ms)[0m  [1m[34mSELECT "bands".* FROM "bands" WHERE "bands"."id" = $1 LIMIT $2[0m  [["id", 1], ["LIMIT", 1]]
  ↳ app/controllers/bands_controller.rb:44:in `set_band'
  [1m[36mCACHE Band Load (0.0ms)[0m  [1m[34mSELECT "bands".* FROM "bands" WHERE "bands"."id" = $1 LIMIT $2[0m  [["id", 1], ["LIMIT", 1]]
  ↳ app/controllers/bands_controller.rb:44:in `set_band'
  Rendering layout layouts/application.html.erb
  Rendering bands/show.html.erb within layouts/application
  Rendered bands/_band.html.erb (Duration: 0.5ms | Allocations: 102)
  Rendered bands/show.html.erb within layouts/application (Duration: 1.8ms | Allocations: 416)
  [1m[36mUser Load (0.3ms)[0m  [1m[34mSELECT "users".* FROM "users" WHERE "users"."session_token" = $1 LIMIT $2[0m  [["session_token", "[FILTERED]"], ["LIMIT", 1]]
  ↳ app/controllers/application_controller.rb:6:in `current_user'
  Rendered layout layouts/application.html.erb (Duration: 9.8ms | Allocations: 2691)
Completed 200 OK in 17ms (Views: 12.1ms | ActiveRecord: 0.7ms | Allocations: 4304)


Started GET "/bands" for ::1 at 2022-11-15 17:20:55 -0800
Processing by BandsController#index as HTML
  Rendering layout layouts/application.html.erb
  Rendering bands/index.html.erb within layouts/application
  [1m[36mBand Load (0.4ms)[0m  [1m[34mSELECT "bands".* FROM "bands"[0m
  ↳ app/views/bands/index.html.erb:3
  Rendered bands/_band.html.erb (Duration: 0.1ms | Allocations: 11)
  Rendered bands/_band.html.erb (Duration: 0.1ms | Allocations: 10)
  Rendered bands/_band.html.erb (Duration: 0.1ms | Allocations: 10)
  Rendered bands/_band.html.erb (Duration: 0.1ms | Allocations: 10)
  Rendered bands/_band.html.erb (Duration: 0.1ms | Allocations: 10)
  Rendered bands/index.html.erb within layouts/application (Duration: 5.3ms | Allocations: 1270)
  [1m[36mUser Load (0.6ms)[0m  [1m[34mSELECT "users".* FROM "users" WHERE "users"."session_token" = $1 LIMIT $2[0m  [["session_token", "[FILTERED]"], ["LIMIT", 1]]
  ↳ app/controllers/application_controller.rb:6:in `current_user'
  Rendered layout layouts/application.html.erb (Duration: 15.0ms | Allocations: 2960)
Completed 200 OK in 16ms (Views: 15.2ms | ActiveRecord: 1.0ms | Allocations: 3249)


Started GET "/bands/3" for ::1 at 2022-11-15 17:20:57 -0800
Processing by BandsController#show as HTML
  Parameters: {"id"=>"3"}
  [1m[36mBand Load (0.3ms)[0m  [1m[34mSELECT "bands".* FROM "bands" WHERE "bands"."id" = $1 LIMIT $2[0m  [["id", 3], ["LIMIT", 1]]
  ↳ app/controllers/bands_controller.rb:44:in `set_band'
  [1m[36mCACHE Band Load (0.0ms)[0m  [1m[34mSELECT "bands".* FROM "bands" WHERE "bands"."id" = $1 LIMIT $2[0m  [["id", 3], ["LIMIT", 1]]
  ↳ app/controllers/bands_controller.rb:44:in `set_band'
  Rendering layout layouts/application.html.erb
  Rendering bands/show.html.erb within layouts/application
  Rendered bands/_band.html.erb (Duration: 0.1ms | Allocations: 11)
  Rendered bands/show.html.erb within layouts/application (Duration: 0.5ms | Allocations: 103)
  [1m[36mUser Load (0.7ms)[0m  [1m[34mSELECT "users".* FROM "users" WHERE "users"."session_token" = $1 LIMIT $2[0m  [["session_token", "[FILTERED]"], ["LIMIT", 1]]
  ↳ app/controllers/application_controller.rb:6:in `current_user'
  Rendered layout layouts/application.html.erb (Duration: 8.9ms | Allocations: 1773)
Completed 200 OK in 14ms (Views: 9.2ms | ActiveRecord: 1.1ms | Allocations: 2893)


Started GET "/bands" for ::1 at 2022-11-15 17:20:59 -0800
Processing by BandsController#index as HTML
  Rendering layout layouts/application.html.erb
  Rendering bands/index.html.erb within layouts/application
  [1m[36mBand Load (0.3ms)[0m  [1m[34mSELECT "bands".* FROM "bands"[0m
  ↳ app/views/bands/index.html.erb:3
  Rendered bands/_band.html.erb (Duration: 0.1ms | Allocations: 11)
  Rendered bands/_band.html.erb (Duration: 0.0ms | Allocations: 10)
  Rendered bands/_band.html.erb (Duration: 0.0ms | Allocations: 10)
  Rendered bands/_band.html.erb (Duration: 0.0ms | Allocations: 10)
  Rendered bands/_band.html.erb (Duration: 0.0ms | Allocations: 10)
  Rendered bands/index.html.erb within layouts/application (Duration: 4.7ms | Allocations: 1081)
  [1m[36mUser Load (0.3ms)[0m  [1m[34mSELECT "users".* FROM "users" WHERE "users"."session_token" = $1 LIMIT $2[0m  [["session_token", "[FILTERED]"], ["LIMIT", 1]]
  ↳ app/controllers/application_controller.rb:6:in `current_user'
  Rendered layout layouts/application.html.erb (Duration: 9.4ms | Allocations: 2782)
Completed 200 OK in 12ms (Views: 10.9ms | ActiveRecord: 0.6ms | Allocations: 2998)


Started GET "/bands/4" for ::1 at 2022-11-15 17:21:00 -0800
Processing by BandsController#show as HTML
  Parameters: {"id"=>"4"}
  [1m[36mBand Load (0.4ms)[0m  [1m[34mSELECT "bands".* FROM "bands" WHERE "bands"."id" = $1 LIMIT $2[0m  [["id", 4], ["LIMIT", 1]]
  ↳ app/controllers/bands_controller.rb:44:in `set_band'
  [1m[36mCACHE Band Load (0.0ms)[0m  [1m[34mSELECT "bands".* FROM "bands" WHERE "bands"."id" = $1 LIMIT $2[0m  [["id", 4], ["LIMIT", 1]]
  ↳ app/controllers/bands_controller.rb:44:in `set_band'
  Rendering layout layouts/application.html.erb
  Rendering bands/show.html.erb within layouts/application
  Rendered bands/_band.html.erb (Duration: 0.2ms | Allocations: 11)
  Rendered bands/show.html.erb within layouts/application (Duration: 1.3ms | Allocations: 103)
  [1m[36mUser Load (0.3ms)[0m  [1m[34mSELECT "users".* FROM "users" WHERE "users"."session_token" = $1 LIMIT $2[0m  [["session_token", "[FILTERED]"], ["LIMIT", 1]]
  ↳ app/controllers/application_controller.rb:6:in `current_user'
  Rendered layout layouts/application.html.erb (Duration: 6.6ms | Allocations: 1790)
Completed 200 OK in 16ms (Views: 7.1ms | ActiveRecord: 0.7ms | Allocations: 2905)


Started GET "/bands" for ::1 at 2022-11-15 17:21:02 -0800
Processing by BandsController#index as HTML
  Rendering layout layouts/application.html.erb
  Rendering bands/index.html.erb within layouts/application
  [1m[36mBand Load (0.4ms)[0m  [1m[34mSELECT "bands".* FROM "bands"[0m
  ↳ app/views/bands/index.html.erb:3
  Rendered bands/_band.html.erb (Duration: 0.1ms | Allocations: 11)
  Rendered bands/_band.html.erb (Duration: 0.1ms | Allocations: 10)
  Rendered bands/_band.html.erb (Duration: 0.1ms | Allocations: 10)
  Rendered bands/_band.html.erb (Duration: 0.1ms | Allocations: 10)
  Rendered bands/_band.html.erb (Duration: 0.1ms | Allocations: 10)
  Rendered bands/index.html.erb within layouts/application (Duration: 6.7ms | Allocations: 1081)
  [1m[36mUser Load (0.3ms)[0m  [1m[34mSELECT "users".* FROM "users" WHERE "users"."session_token" = $1 LIMIT $2[0m  [["session_token", "[FILTERED]"], ["LIMIT", 1]]
  ↳ app/controllers/application_controller.rb:6:in `current_user'
  Rendered layout layouts/application.html.erb (Duration: 13.4ms | Allocations: 2758)
Completed 200 OK in 14ms (Views: 13.3ms | ActiveRecord: 0.7ms | Allocations: 2974)


